<?xml version="1.0"?>
<!-- ======================================================================
     Test Runner Script - GitHub remote add

     Author: Newtriks <simon@newtriks.com>
     Date: 10th March 2010  
     
     Tests Run:
     
     - Git add a new remote origin pointing to git@github.com:testme/pingme.git
     
     Notes:
     
     - Install AntUnit http://ant.apache.org/antlibs/antunit/ 
     - Build with AntUnit 1.1
 	 - Check that the implementing library exists in one of:
        > /usr/share/ant/lib
        > /Volumes/Users/[your username]/.ant/lib
        > a directory added on the command line with the -lib argument

     ====================================================================== -->

<project name="antunit-base-test" default="run.git-tasks.test" 
		 xmlns:au="antlib:org.apache.ant.antunit">

	<property name="git.tasks.macro" location="../macrodefs/git-tasks.xml"/>
  	<import file="${git.tasks.macro}"/>
    
    <target name="run.git-tasks.test">
        <au:antunit>
            <fileset file="${ant.file}"/>
            <au:plainlistener/>
        </au:antunit>
    </target>

    <target name="setUp">
		<property name="project.name" value="pingme"/>
		<git-init repository="${project.name}" />
		<property name="scm.repository" value="git@github.com:testme/pingme.git"/>
		<property name="config.message" value="/.git/config"/>
    </target>

	<target name="testRemoteAdd">
		<git-remote-add path="${project.name}" 
			branch="origin" repository="git@github.com:testme/pingme.git" />
		<au:assertResourceContains
	         resource="${project.name}${config.message}" value="url = git@github.com:testme/pingme.git"/>
	</target>

	<target name="tearDown">
		<delete dir="${project.name}" quiet="true"/>
    </target>
      
</project>