<?xml version="1.0"?>
<!-- ======================================================================
     Test Runner Script - GitHub initialise

     Author: Newtriks <simon@newtriks.com>
     Date: 6th March 2010  
     
     Tests Run:
     
     - Git initialise directory 
     
     Notes:
     
     - Install AntUnit http://ant.apache.org/antlibs/antunit/ 
     - Build with AntUnit 1.1
 	 - Check that the implementing library exists in one of:
        > /usr/share/ant/lib
        > /Volumes/Users/[your username]/.ant/lib
        > a directory added on the command line with the -lib argument

     ====================================================================== -->

<project name="antunit-base-test" default="run.git-tasks.test" 
		 xmlns:au="antlib:org.apache.ant.antunit">

	<property name="git.tasks.macro" location="../macrodefs/git-tasks.xml"/>
  	<import file="${git.tasks.macro}"/>
    
    <target name="run.git-tasks.test">
        <au:antunit>
            <fileset file="${ant.file}"/>
            <au:plainlistener/>
        </au:antunit>
    </target>

    <target name="setUp">
		<property name="project.name" value="pingme"/>
		<property name="config" value="/.git/config"/>
    </target>

	<target name="testInit">
		<au:assertFileDoesntExist
         file="${project.name}${config}"/>
		<git-init repository="${project.name}" />
		<au:assertFileExists
         file="${project.name}${config}"/>
	</target>

	<target name="tearDown">
        <delete dir="${project.name}" quiet="true"/>
    </target>
      
</project>