<?xml version="1.0"?>
<!-- ======================================================================
     Test Runner Script - GitHub checkout

     Author: Newtriks <simon@newtriks.com>
     Date: 6th March 2010  
     
     Tests Run:
     
     - Git checkout a project
     
     Notes:
     
     - Install AntUnit http://ant.apache.org/antlibs/antunit/ 
     - Build with AntUnit 1.1
 	 - Check that the implementing library exists in one of:
        > /usr/share/ant/lib
        > /Volumes/Users/[your username]/.ant/lib
        > a directory added on the command line with the -lib argument

     ====================================================================== -->

<project name="antunit-base-test" default="run.git-tasks.test" 
		 xmlns:au="antlib:org.apache.ant.antunit">

	<property name="git.tasks.macro" location="../macrodefs/git-tasks.xml"/>
  	<import file="${git.tasks.macro}"/>
    
    <target name="run.git-tasks.test">
        <au:antunit>
            <fileset file="${ant.file}"/>
            <au:plainlistener/>
        </au:antunit>
    </target>

    <target name="setUp">
		<property name="project.name" value="pingme"/>
		<property name="scm.repository" value="git@github.com:testme/pingme.git"/>
    </target>

	<target name="testCheckout">
		<au:assertFileDoesntExist
         file="${project.name}/test.txt"/>
		<git-clone-pull repository="${scm.repository}" dest="${project.name}" />
		<au:assertFileExists
         file="${project.name}/test.txt"/>
	</target>
	
	<target name="tearDown">
		<delete dir="${project.name}" quiet="true"/>
    </target>
      
</project>